[14-Mar-2025 21:31:13 UTC] PHP Warning:  Undefined array key "host" in /workspaces/assignment3/.wordpress/wp-includes/pluggable.php on line 1625
[14-Mar-2025 21:58:55 UTC] PHP Warning:  Undefined variable $parent_theme_name in /workspaces/assignment3/.wordpress/wp-content/mu-plugins/one-click-child-theme/templates/create_child_form.php on line 18
[14-Mar-2025 22:01:14 UTC] PHP Fatal error:  Out of memory (allocated 33554432) (tried to allocate 2097152 bytes) in /workspaces/assignment3/.wordpress/wp-content/plugins/ecommerce-product-catalog/ext-comp/index.php on line 58
[14-Mar-2025 22:01:16 UTC] PHP Fatal error:  Out of memory (allocated 31457280) (tried to allocate 2097152 bytes) in /workspaces/assignment3/.wordpress/wp-content/plugins/ecommerce-product-catalog/ext-comp/index.php on line 58
[14-Mar-2025 22:01:16 UTC] PHP Fatal error:  Out of memory (allocated 31457280) (tried to allocate 2097152 bytes) in /workspaces/assignment3/.wordpress/wp-content/plugins/ecommerce-product-catalog/ext-comp/index.php on line 58
[14-Mar-2025 22:01:16 UTC] PHP Fatal error:  Out of memory (allocated 31457280) (tried to allocate 2097152 bytes) in /workspaces/assignment3/.wordpress/wp-content/plugins/ecommerce-product-catalog/ext-comp/index.php on line 58
[14-Mar-2025 22:01:17 UTC] PHP Fatal error:  Out of memory (allocated 31457280) (tried to allocate 2097152 bytes) in /workspaces/assignment3/.wordpress/wp-content/plugins/ecommerce-product-catalog/ext-comp/index.php on line 58
[14-Mar-2025 22:01:17 UTC] PHP Fatal error:  Out of memory (allocated 31457280) (tried to allocate 2097152 bytes) in /workspaces/assignment3/.wordpress/wp-content/plugins/ecommerce-product-catalog/ext-comp/index.php on line 58
[14-Mar-2025 22:01:17 UTC] PHP Fatal error:  Out of memory (allocated 31457280) (tried to allocate 2097152 bytes) in /workspaces/assignment3/.wordpress/wp-content/plugins/ecommerce-product-catalog/ext-comp/index.php on line 58
[14-Mar-2025 22:01:17 UTC] PHP Fatal error:  Out of memory (allocated 31457280) (tried to allocate 2097152 bytes) in /workspaces/assignment3/.wordpress/wp-content/plugins/ecommerce-product-catalog/ext-comp/index.php on line 58
[14-Mar-2025 22:01:18 UTC] PHP Fatal error:  Out of memory (allocated 31457280) (tried to allocate 2097152 bytes) in /workspaces/assignment3/.wordpress/wp-content/plugins/ecommerce-product-catalog/ext-comp/index.php on line 58
[14-Mar-2025 22:01:18 UTC] PHP Fatal error:  Out of memory (allocated 31457280) (tried to allocate 2097152 bytes) in /workspaces/assignment3/.wordpress/wp-content/plugins/ecommerce-product-catalog/ext-comp/index.php on line 58
[14-Mar-2025 22:01:18 UTC] PHP Fatal error:  Out of memory (allocated 31457280) (tried to allocate 2097152 bytes) in /workspaces/assignment3/.wordpress/wp-content/plugins/ecommerce-product-catalog/ext-comp/index.php on line 58
[14-Mar-2025 22:01:19 UTC] PHP Fatal error:  Out of memory (allocated 31457280) (tried to allocate 2097152 bytes) in /workspaces/assignment3/.wordpress/wp-content/plugins/ecommerce-product-catalog/ext-comp/index.php on line 58
[14-Mar-2025 22:01:19 UTC] PHP Fatal error:  Out of memory (allocated 31457280) (tried to allocate 2097152 bytes) in /workspaces/assignment3/.wordpress/wp-content/plugins/ecommerce-product-catalog/functions/functions.php on line 1444
[14-Mar-2025 22:01:19 UTC] PHP Fatal error:  Out of memory (allocated 31457280) (tried to allocate 131072 bytes) in /workspaces/assignment3/.wordpress/wp-content/languages/admin-en_CA.l10n.php on line 2
[14-Mar-2025 22:01:19 UTC] PHP Fatal error:  Out of memory (allocated 31457280) (tried to allocate 2097152 bytes) in /workspaces/assignment3/.wordpress/wp-content/plugins/ecommerce-product-catalog/ext-comp/index.php on line 58
[14-Mar-2025 22:01:19 UTC] PHP Fatal error:  Out of memory (allocated 31457280) (tried to allocate 2097152 bytes) in /workspaces/assignment3/.wordpress/wp-content/plugins/ecommerce-product-catalog/ext-comp/index.php on line 58
[14-Mar-2025 22:01:20 UTC] PHP Fatal error:  Out of memory (allocated 31457280) (tried to allocate 2097152 bytes) in /workspaces/assignment3/.wordpress/wp-content/plugins/ecommerce-product-catalog/ext-comp/index.php on line 58
[14-Mar-2025 22:01:20 UTC] PHP Fatal error:  Out of memory (allocated 31457280) (tried to allocate 2097152 bytes) in /workspaces/assignment3/.wordpress/wp-content/plugins/ecommerce-product-catalog/ext-comp/index.php on line 58
[14-Mar-2025 22:01:20 UTC] PHP Fatal error:  Out of memory (allocated 31457280) (tried to allocate 2097152 bytes) in /workspaces/assignment3/.wordpress/wp-content/plugins/ecommerce-product-catalog/ext-comp/index.php on line 58
[14-Mar-2025 22:01:21 UTC] PHP Fatal error:  Out of memory (allocated 31457280) (tried to allocate 2097152 bytes) in /workspaces/assignment3/.wordpress/wp-content/plugins/ecommerce-product-catalog/ext-comp/index.php on line 58
[14-Mar-2025 22:01:21 UTC] PHP Fatal error:  Out of memory (allocated 31457280) (tried to allocate 2097152 bytes) in /workspaces/assignment3/.wordpress/wp-content/plugins/ecommerce-product-catalog/ext-comp/index.php on line 58
[14-Mar-2025 22:01:21 UTC] PHP Fatal error:  Out of memory (allocated 31457280) (tried to allocate 2097152 bytes) in /workspaces/assignment3/.wordpress/wp-content/plugins/ecommerce-product-catalog/ext-comp/index.php on line 58
[14-Mar-2025 22:01:21 UTC] PHP Fatal error:  Out of memory (allocated 31457280) (tried to allocate 2097152 bytes) in /workspaces/assignment3/.wordpress/wp-content/plugins/ecommerce-product-catalog/ext-comp/index.php on line 58
[14-Mar-2025 22:01:22 UTC] PHP Fatal error:  Out of memory (allocated 31457280) (tried to allocate 2097152 bytes) in /workspaces/assignment3/.wordpress/wp-content/plugins/ecommerce-product-catalog/ext-comp/index.php on line 58
[14-Mar-2025 22:01:22 UTC] PHP Fatal error:  Out of memory (allocated 31457280) (tried to allocate 2097152 bytes) in /workspaces/assignment3/.wordpress/wp-content/plugins/ecommerce-product-catalog/ext-comp/index.php on line 58
[14-Mar-2025 22:01:22 UTC] PHP Fatal error:  Out of memory (allocated 31457280) (tried to allocate 2097152 bytes) in /workspaces/assignment3/.wordpress/wp-content/plugins/ecommerce-product-catalog/ext-comp/index.php on line 58
[14-Mar-2025 22:01:22 UTC] PHP Fatal error:  Out of memory (allocated 31457280) (tried to allocate 2097152 bytes) in /workspaces/assignment3/.wordpress/wp-content/plugins/ecommerce-product-catalog/ext-comp/index.php on line 58
[14-Mar-2025 22:01:23 UTC] PHP Fatal error:  Out of memory (allocated 31457280) (tried to allocate 2097152 bytes) in /workspaces/assignment3/.wordpress/wp-content/plugins/ecommerce-product-catalog/functions/functions.php on line 1359
[14-Mar-2025 22:01:23 UTC] PHP Fatal error:  Out of memory (allocated 31457280) (tried to allocate 2097152 bytes) in /workspaces/assignment3/.wordpress/wp-content/plugins/ecommerce-product-catalog/ext-comp/index.php on line 58
[14-Mar-2025 22:01:23 UTC] PHP Fatal error:  Out of memory (allocated 31457280) (tried to allocate 2097152 bytes) in /workspaces/assignment3/.wordpress/wp-content/plugins/ecommerce-product-catalog/ext-comp/index.php on line 58
[14-Mar-2025 22:01:24 UTC] PHP Fatal error:  Out of memory (allocated 31457280) (tried to allocate 2097152 bytes) in /workspaces/assignment3/.wordpress/wp-content/plugins/ecommerce-product-catalog/functions/functions.php on line 1359
[14-Mar-2025 22:01:24 UTC] PHP Fatal error:  Out of memory (allocated 31457280) (tried to allocate 2097152 bytes) in /workspaces/assignment3/.wordpress/wp-content/plugins/ecommerce-product-catalog/ext-comp/index.php on line 58
[14-Mar-2025 22:01:24 UTC] PHP Fatal error:  Out of memory (allocated 31457280) (tried to allocate 2097152 bytes) in /workspaces/assignment3/.wordpress/wp-content/plugins/ecommerce-product-catalog/ext-comp/index.php on line 58
[14-Mar-2025 22:01:24 UTC] PHP Fatal error:  Out of memory (allocated 31457280) (tried to allocate 2097152 bytes) in /workspaces/assignment3/.wordpress/wp-content/plugins/ecommerce-product-catalog/ext-comp/index.php on line 58
[14-Mar-2025 22:01:40 UTC] PHP Fatal error:  Out of memory (allocated 31457280) (tried to allocate 2097152 bytes) in /workspaces/assignment3/.wordpress/wp-content/plugins/ecommerce-product-catalog/ext-comp/index.php on line 26
[14-Mar-2025 22:01:44 UTC] PHP Fatal error:  Out of memory (allocated 31457280) (tried to allocate 2097152 bytes) in /workspaces/assignment3/.wordpress/wp-content/plugins/ecommerce-product-catalog/ext-comp/index.php on line 58
